This file contains any messages produced by compilers while
running configure, to aid debugging if configure makes a mistake.

It was created by Builder4 configure 1, which was
generated by GNU Autoconf 2.69.  Invocation command line was

  $ ./configure 

## --------- ##
## Platform. ##
## --------- ##

hostname = alandeskssd
uname -m = x86_64
uname -r = 3.17-1-amd64
uname -s = Linux
uname -v = #1 SMP Debian 3.17-1~exp1 (2014-10-14)

/usr/bin/uname -p = unknown
/bin/uname -X     = unknown

/bin/arch              = unknown
/usr/bin/arch -k       = unknown
/usr/convex/getsysinfo = unknown
/usr/bin/hostinfo      = unknown
/bin/machine           = unknown
/usr/bin/oslevel       = unknown
/bin/universe          = unknown

PATH: /home/alan/perl5/bin
PATH: /home/alan/bin
PATH: /usr/local/bin
PATH: /usr/bin
PATH: /bin
PATH: /usr/local/games
PATH: /usr/games


## ----------- ##
## Core tests. ##
## ----------- ##

configure:1752: checking for a BSD-compatible install
configure:1820: result: /usr/bin/install -c
configure:1831: checking whether build environment is sane
configure:1886: result: yes
configure:2037: checking for a thread-safe mkdir -p
configure:2076: result: /bin/mkdir -p
configure:2083: checking for gawk
configure:2099: found /usr/bin/gawk
configure:2110: result: gawk
configure:2121: checking whether make sets $(MAKE)
configure:2143: result: yes
configure:2172: checking whether make supports nested variables
configure:2189: result: yes
configure:2462: checking that generated files are newer than configure
configure:2468: result: done
configure:2476: creating ./config.status

## ---------------------- ##
## Running config.status. ##
## ---------------------- ##

This file was extended by Builder4 config.status 1, which was
generated by GNU Autoconf 2.69.  Invocation command line was

  CONFIG_FILES    = 
  CONFIG_HEADERS  = 
  CONFIG_LINKS    = 
  CONFIG_COMMANDS = 
  $ ./config.status 

on alandeskssd

config.status:728: error: cannot find input file: `Makefile.in'

## ---------------- ##
## Cache variables. ##
## ---------------- ##

ac_cv_env_build_alias_set=
ac_cv_env_build_alias_value=
ac_cv_env_host_alias_set=
ac_cv_env_host_alias_value=
ac_cv_env_target_alias_set=
ac_cv_env_target_alias_value=
ac_cv_path_install='/usr/bin/install -c'
ac_cv_path_mkdir=/bin/mkdir
ac_cv_prog_AWK=gawk
ac_cv_prog_make_make_set=yes
am_cv_make_support_nested_variables=yes

## ----------------- ##
## Output variables. ##
## ----------------- ##

ACLOCAL='${SHELL} /home/alan/gitlive/app.Builder.js/missing aclocal-1.14'
AMTAR='$${TAR-tar}'
AM_BACKSLASH='\'
AM_DEFAULT_V='$(AM_DEFAULT_VERBOSITY)'
AM_DEFAULT_VERBOSITY='1'
AM_V='$(V)'
AUTOCONF='${SHELL} /home/alan/gitlive/app.Builder.js/missing autoconf'
AUTOHEADER='${SHELL} /home/alan/gitlive/app.Builder.js/missing autoheader'
AUTOMAKE='${SHELL} /home/alan/gitlive/app.Builder.js/missing automake-1.14'
AWK='gawk'
CYGPATH_W='echo'
DEFS='-DPACKAGE_NAME=\"Builder4\" -DPACKAGE_TARNAME=\"builder4\" -DPACKAGE_VERSION=\"1\" -DPACKAGE_STRING=\"Builder4\ 1\" -DPACKAGE_BUGREPORT=\"alan@roojs.com\" -DPACKAGE_URL=\"\" -DPACKAGE=\"builder4\" -DVERSION=\"1\"'
ECHO_C=''
ECHO_N='-n'
ECHO_T=''
INSTALL_DATA='${INSTALL} -m 644'
INSTALL_PROGRAM='${INSTALL}'
INSTALL_SCRIPT='${INSTALL}'
INSTALL_STRIP_PROGRAM='$(install_sh) -c -s'
LIBOBJS=''
LIBS=''
LTLIBOBJS=''
MAKEINFO='${SHELL} /home/alan/gitlive/app.Builder.js/missing makeinfo'
MKDIR_P='/bin/mkdir -p'
PACKAGE='builder4'
PACKAGE_BUGREPORT='alan@roojs.com'
PACKAGE_NAME='Builder4'
PACKAGE_STRING='Builder4 1'
PACKAGE_TARNAME='builder4'
PACKAGE_URL=''
PACKAGE_VERSION='1'
PATH_SEPARATOR=':'
SET_MAKE=''
SHELL='/bin/bash'
STRIP=''
VERSION='1'
am__isrc=''
am__leading_dot='.'
am__tar='$${TAR-tar} chof - "$$tardir"'
am__untar='$${TAR-tar} xf -'
bindir='${exec_prefix}/bin'
build_alias=''
datadir='${datarootdir}'
datarootdir='${prefix}/share'
docdir='${datarootdir}/doc/${PACKAGE_TARNAME}'
dvidir='${docdir}'
exec_prefix='${prefix}'
host_alias=''
htmldir='${docdir}'
includedir='${prefix}/include'
infodir='${datarootdir}/info'
install_sh='${SHELL} /home/alan/gitlive/app.Builder.js/install-sh'
libdir='${exec_prefix}/lib'
libexecdir='${exec_prefix}/libexec'
localedir='${datarootdir}/locale'
localstatedir='${prefix}/var'
mandir='${datarootdir}/man'
mkdir_p='$(MKDIR_P)'
oldincludedir='/usr/include'
pdfdir='${docdir}'
prefix='/usr/local'
program_transform_name='s,x,x,'
psdir='${docdir}'
sbindir='${exec_prefix}/sbin'
sharedstatedir='${prefix}/com'
sysconfdir='${prefix}/etc'
target_alias=''

## ----------- ##
## confdefs.h. ##
## ----------- ##

/* confdefs.h */
#define PACKAGE_NAME "Builder4"
#define PACKAGE_TARNAME "builder4"
#define PACKAGE_VERSION "1"
#define PACKAGE_STRING "Builder4 1"
#define PACKAGE_BUGREPORT "alan@roojs.com"
#define PACKAGE_URL ""
#define PACKAGE "builder4"
#define VERSION "1"

configure: exit 1
